\BOOKMARK [0][-]{Doc-Start}{Title}{}% 1
\BOOKMARK [0][-]{chapter*.1}{Contents}{}% 2
\BOOKMARK [0][-]{chapter*.2}{List of Figures}{}% 3
\BOOKMARK [0][-]{chapter*.3}{List of Tables}{}% 4
\BOOKMARK [0][-]{chapter*.4}{List of Algorithms}{}% 5
\BOOKMARK [0][-]{chapter*.5}{Overview Statements}{}% 6
\BOOKMARK [1][-]{section.0.1}{Mission Statement}{chapter*.5}% 7
\BOOKMARK [1][-]{section.0.2}{Elevator Pitch}{chapter*.5}% 8
\BOOKMARK [0][-]{chapter*.6}{Document Preparation and Updates}{}% 9
\BOOKMARK [0][-]{chapter.1}{Overview and concept of operations}{}% 10
\BOOKMARK [1][-]{section.1.1}{Team Members and Team Name}{chapter.1}% 11
\BOOKMARK [1][-]{section.1.2}{Client}{chapter.1}% 12
\BOOKMARK [1][-]{section.1.3}{Project}{chapter.1}% 13
\BOOKMARK [2][-]{subsection.1.3.1}{Purpose of the System}{section.1.3}% 14
\BOOKMARK [1][-]{section.1.4}{Business Need}{chapter.1}% 15
\BOOKMARK [1][-]{section.1.5}{Deliverables}{chapter.1}% 16
\BOOKMARK [2][-]{subsection.1.5.1}{Major System Component: Database}{section.1.5}% 17
\BOOKMARK [2][-]{subsection.1.5.2}{Major System Component: User Interface}{section.1.5}% 18
\BOOKMARK [1][-]{section.1.6}{Systems Goals}{chapter.1}% 19
\BOOKMARK [1][-]{section.1.7}{System Overview and Diagram}{chapter.1}% 20
\BOOKMARK [1][-]{section.1.8}{Technologies Overview}{chapter.1}% 21
\BOOKMARK [0][-]{chapter.2}{User Stories, Requirements, and Product Backlog}{}% 22
\BOOKMARK [1][-]{section.2.1}{Overview}{chapter.2}% 23
\BOOKMARK [1][-]{section.2.2}{User Stories}{chapter.2}% 24
\BOOKMARK [2][-]{subsection.2.2.1}{User Story \0431}{section.2.2}% 25
\BOOKMARK [2][-]{subsection.2.2.2}{User Story \0432}{section.2.2}% 26
\BOOKMARK [2][-]{subsection.2.2.3}{User Story \0433}{section.2.2}% 27
\BOOKMARK [2][-]{subsection.2.2.4}{User Story \0434}{section.2.2}% 28
\BOOKMARK [2][-]{subsection.2.2.5}{User Story \0435}{section.2.2}% 29
\BOOKMARK [2][-]{subsection.2.2.6}{User Story \0436}{section.2.2}% 30
\BOOKMARK [2][-]{subsection.2.2.7}{User Story \0437}{section.2.2}% 31
\BOOKMARK [2][-]{subsection.2.2.8}{User Story \0438}{section.2.2}% 32
\BOOKMARK [2][-]{subsection.2.2.9}{User Story \0439}{section.2.2}% 33
\BOOKMARK [2][-]{subsection.2.2.10}{User Story \04310}{section.2.2}% 34
\BOOKMARK [2][-]{subsection.2.2.11}{User Story \04311}{section.2.2}% 35
\BOOKMARK [2][-]{subsection.2.2.12}{User Story \04312}{section.2.2}% 36
\BOOKMARK [2][-]{subsection.2.2.13}{User Story \04313}{section.2.2}% 37
\BOOKMARK [2][-]{subsection.2.2.14}{User Story \04314}{section.2.2}% 38
\BOOKMARK [2][-]{subsection.2.2.15}{User Story \04315}{section.2.2}% 39
\BOOKMARK [2][-]{subsection.2.2.16}{User Story \04316}{section.2.2}% 40
\BOOKMARK [1][-]{section.2.3}{Requirements and Design Constraints}{chapter.2}% 41
\BOOKMARK [2][-]{subsection.2.3.1}{System Requirements}{section.2.3}% 42
\BOOKMARK [2][-]{subsection.2.3.2}{Network Requirements}{section.2.3}% 43
\BOOKMARK [2][-]{subsection.2.3.3}{Development Environment Requirements}{section.2.3}% 44
\BOOKMARK [2][-]{subsection.2.3.4}{Project Management Methodology}{section.2.3}% 45
\BOOKMARK [1][-]{section.2.4}{Product Backlog}{chapter.2}% 46
\BOOKMARK [2][-]{subsection.2.4.1}{Sprint 1 Backlog}{section.2.4}% 47
\BOOKMARK [2][-]{subsection.2.4.2}{Sprint 2 Backlog}{section.2.4}% 48
\BOOKMARK [2][-]{subsection.2.4.3}{Sprint 3 Backlog}{section.2.4}% 49
\BOOKMARK [2][-]{subsection.2.4.4}{Sprint 3.5 Backlog}{section.2.4}% 50
\BOOKMARK [2][-]{subsection.2.4.5}{Sprint 4 Backlog}{section.2.4}% 51
\BOOKMARK [2][-]{subsection.2.4.6}{Sprint 5 Backlog}{section.2.4}% 52
\BOOKMARK [2][-]{subsection.2.4.7}{Sprint 5 Fixed Bug Backlog}{section.2.4}% 53
\BOOKMARK [2][-]{subsection.2.4.8}{Sprint 6 Backlog}{section.2.4}% 54
\BOOKMARK [1][-]{section.2.5}{Research or Proof of Concept Results}{chapter.2}% 55
\BOOKMARK [0][-]{chapter.3}{Project Overview}{}% 56
\BOOKMARK [1][-]{section.3.1}{Team Members and Roles}{chapter.3}% 57
\BOOKMARK [1][-]{section.3.2}{Project Management Approach}{chapter.3}% 58
\BOOKMARK [1][-]{section.3.3}{Stakeholder Information}{chapter.3}% 59
\BOOKMARK [2][-]{subsection.3.3.1}{Customer or End User \(Product Owner\)}{section.3.3}% 60
\BOOKMARK [2][-]{subsection.3.3.2}{Management or Instructor \(Scrum Master\)}{section.3.3}% 61
\BOOKMARK [2][-]{subsection.3.3.3}{Developers \205Testers}{section.3.3}% 62
\BOOKMARK [1][-]{section.3.4}{Budget}{chapter.3}% 63
\BOOKMARK [1][-]{section.3.5}{Intellectual Property and Licensing}{chapter.3}% 64
\BOOKMARK [1][-]{section.3.6}{Sprint Overview}{chapter.3}% 65
\BOOKMARK [2][-]{subsection.3.6.1}{Sprint 1: Initial User Story and Requirements Gathering}{section.3.6}% 66
\BOOKMARK [2][-]{subsection.3.6.2}{Sprint 2: Database Creation and Starting Pages}{section.3.6}% 67
\BOOKMARK [2][-]{subsection.3.6.3}{Sprint 3: Functionality Creation }{section.3.6}% 68
\BOOKMARK [2][-]{subsection.3.6.4}{Sprint 4: Development Updates and Payroll/Billing}{section.3.6}% 69
\BOOKMARK [2][-]{subsection.3.6.5}{Sprint 5: Updates Bug Fixes and Functionality}{section.3.6}% 70
\BOOKMARK [2][-]{subsection.3.6.6}{Sprint 6: Updates, Fixes, and Iteration Packaging}{section.3.6}% 71
\BOOKMARK [1][-]{section.3.7}{Terminology and Acronyms}{chapter.3}% 72
\BOOKMARK [1][-]{section.3.8}{Sprint Schedule}{chapter.3}% 73
\BOOKMARK [1][-]{section.3.9}{Backlogs}{chapter.3}% 74
\BOOKMARK [2][-]{subsection.3.9.1}{Sprint 1 Backlog}{section.3.9}% 75
\BOOKMARK [2][-]{subsection.3.9.2}{Sprint 2 Backlog}{section.3.9}% 76
\BOOKMARK [2][-]{subsection.3.9.3}{Sprint 3 Backlog}{section.3.9}% 77
\BOOKMARK [2][-]{subsection.3.9.4}{Sprint 3.5 Backlog}{section.3.9}% 78
\BOOKMARK [2][-]{subsection.3.9.5}{Sprint 4 Backlog}{section.3.9}% 79
\BOOKMARK [2][-]{subsection.3.9.6}{Sprint 5 Backlog}{section.3.9}% 80
\BOOKMARK [2][-]{subsection.3.9.7}{Sprint 5 Fixed Bug Backlog}{section.3.9}% 81
\BOOKMARK [2][-]{subsection.3.9.8}{Sprint 6 Backlog}{section.3.9}% 82
\BOOKMARK [1][-]{section.3.10}{Development Environment}{chapter.3}% 83
\BOOKMARK [2][-]{subsection.3.10.1}{Source Code Development}{section.3.10}% 84
\BOOKMARK [2][-]{subsection.3.10.2}{MySQL Database}{section.3.10}% 85
\BOOKMARK [2][-]{subsection.3.10.3}{PyQt}{section.3.10}% 86
\BOOKMARK [1][-]{section.3.11}{Development IDE and Tools}{chapter.3}% 87
\BOOKMARK [1][-]{section.3.12}{Source Control}{chapter.3}% 88
\BOOKMARK [1][-]{section.3.13}{Dependencies}{chapter.3}% 89
\BOOKMARK [1][-]{section.3.14}{Build Environment}{chapter.3}% 90
\BOOKMARK [1][-]{section.3.15}{Development Machine Setup}{chapter.3}% 91
\BOOKMARK [0][-]{chapter.4}{Design and Implementation}{}% 92
\BOOKMARK [1][-]{section.4.1}{Architecture and System Design and Data flow }{chapter.4}% 93
\BOOKMARK [2][-]{subsection.4.1.1}{Design Selection}{section.4.1}% 94
\BOOKMARK [2][-]{subsection.4.1.2}{Communications}{section.4.1}% 95
\BOOKMARK [2][-]{subsection.4.1.3}{Classes}{section.4.1}% 96
\BOOKMARK [1][-]{section.4.2}{GUI}{chapter.4}% 97
\BOOKMARK [2][-]{subsection.4.2.1}{Technologies Used}{section.4.2}% 98
\BOOKMARK [2][-]{subsection.4.2.2}{Component Overview}{section.4.2}% 99
\BOOKMARK [2][-]{subsection.4.2.3}{Phase Overview}{section.4.2}% 100
\BOOKMARK [2][-]{subsection.4.2.4}{ Architecture Diagram}{section.4.2}% 101
\BOOKMARK [2][-]{subsection.4.2.5}{Data Flow Description}{section.4.2}% 102
\BOOKMARK [2][-]{subsection.4.2.6}{Design Details}{section.4.2}% 103
\BOOKMARK [1][-]{section.4.3}{Database}{chapter.4}% 104
\BOOKMARK [2][-]{subsection.4.3.1}{Technologies Used}{section.4.3}% 105
\BOOKMARK [2][-]{subsection.4.3.2}{Component Overview}{section.4.3}% 106
\BOOKMARK [2][-]{subsection.4.3.3}{Phase Overview}{section.4.3}% 107
\BOOKMARK [2][-]{subsection.4.3.4}{ Architecture Diagram}{section.4.3}% 108
\BOOKMARK [2][-]{subsection.4.3.5}{Data Flow Description}{section.4.3}% 109
\BOOKMARK [2][-]{subsection.4.3.6}{Design Details}{section.4.3}% 110
\BOOKMARK [0][-]{chapter.5}{System and Unit Testing}{}% 111
\BOOKMARK [1][-]{section.5.1}{Overview}{chapter.5}% 112
\BOOKMARK [1][-]{section.5.2}{Dependencies}{chapter.5}% 113
\BOOKMARK [1][-]{section.5.3}{Test Setup and Execution}{chapter.5}% 114
\BOOKMARK [1][-]{section.5.4}{System Testing}{chapter.5}% 115
\BOOKMARK [1][-]{section.5.5}{System Integration Analysis}{chapter.5}% 116
\BOOKMARK [1][-]{section.5.6}{Risk Analysis}{chapter.5}% 117
\BOOKMARK [2][-]{subsection.5.6.1}{Risk Mitigation}{section.5.6}% 118
\BOOKMARK [1][-]{section.5.7}{Successes, Issues and Problems}{chapter.5}% 119
\BOOKMARK [2][-]{subsection.5.7.1}{Changes to the Backlog}{section.5.7}% 120
\BOOKMARK [0][-]{chapter.6}{Prototypes}{}% 121
\BOOKMARK [1][-]{section.6.1}{Sprint 1 Prototype}{chapter.6}% 122
\BOOKMARK [2][-]{subsection.6.1.1}{Deliverable}{section.6.1}% 123
\BOOKMARK [2][-]{subsection.6.1.2}{Backlog}{section.6.1}% 124
\BOOKMARK [2][-]{subsection.6.1.3}{Success/Fail}{section.6.1}% 125
\BOOKMARK [1][-]{section.6.2}{Sprint 2 Prototype}{chapter.6}% 126
\BOOKMARK [2][-]{subsection.6.2.1}{Deliverable}{section.6.2}% 127
\BOOKMARK [2][-]{subsection.6.2.2}{Backlog}{section.6.2}% 128
\BOOKMARK [2][-]{subsection.6.2.3}{Success/Fail}{section.6.2}% 129
\BOOKMARK [1][-]{section.6.3}{Sprint 3 Prototype}{chapter.6}% 130
\BOOKMARK [2][-]{subsection.6.3.1}{Deliverable}{section.6.3}% 131
\BOOKMARK [2][-]{subsection.6.3.2}{Backlog}{section.6.3}% 132
\BOOKMARK [2][-]{subsection.6.3.3}{Success/Fail}{section.6.3}% 133
\BOOKMARK [1][-]{section.6.4}{Sprint 3.5 and 4 Prototype}{chapter.6}% 134
\BOOKMARK [2][-]{subsection.6.4.1}{Deliverable}{section.6.4}% 135
\BOOKMARK [2][-]{subsection.6.4.2}{Backlog}{section.6.4}% 136
\BOOKMARK [2][-]{subsection.6.4.3}{Success/Fail}{section.6.4}% 137
\BOOKMARK [1][-]{section.6.5}{Sprint 5 Prototype}{chapter.6}% 138
\BOOKMARK [2][-]{subsection.6.5.1}{Deliverable}{section.6.5}% 139
\BOOKMARK [2][-]{subsection.6.5.2}{Backlog}{section.6.5}% 140
\BOOKMARK [2][-]{subsection.6.5.3}{Success/Fail}{section.6.5}% 141
\BOOKMARK [0][-]{chapter.7}{Release \205 Setup \205 Deployment}{}% 142
\BOOKMARK [1][-]{section.7.1}{Deployment Information and Dependencies}{chapter.7}% 143
\BOOKMARK [1][-]{section.7.2}{Setup Information}{chapter.7}% 144
\BOOKMARK [2][-]{subsection.7.2.1}{Installing Python 3}{section.7.2}% 145
\BOOKMARK [2][-]{subsection.7.2.2}{Installing PyQt 4 and Designer toolkit }{section.7.2}% 146
\BOOKMARK [2][-]{subsection.7.2.3}{Installing MySQL}{section.7.2}% 147
\BOOKMARK [2][-]{subsection.7.2.4}{Running Project}{section.7.2}% 148
\BOOKMARK [1][-]{section.7.3}{System Version Information}{chapter.7}% 149
\BOOKMARK [1][-]{section.7.4}{Future Work}{chapter.7}% 150
\BOOKMARK [0][-]{chapter.8}{User Documentation}{}% 151
\BOOKMARK [1][-]{section.8.1}{User Guide}{chapter.8}% 152
\BOOKMARK [2][-]{subsection.8.1.1}{Entering the Software}{section.8.1}% 153
\BOOKMARK [2][-]{subsection.8.1.2}{Admin Landing}{section.8.1}% 154
\BOOKMARK [2][-]{subsection.8.1.3}{Teacher Landing}{section.8.1}% 155
\BOOKMARK [1][-]{section.8.2}{Installation Guide}{chapter.8}% 156
\BOOKMARK [0][-]{chapter.9}{Class Index}{}% 157
\BOOKMARK [0][-]{chapter.10}{Class Documentation}{}% 158
\BOOKMARK [1][-]{section.10.1}{Add Class Reference}{chapter.10}% 159
\BOOKMARK [2][-]{subsection.10.1.1}{Constructor \046 Destructor Documentation}{section.10.1}% 160
\BOOKMARK [2][-]{subsection.10.1.2}{Member Function Documentation}{section.10.1}% 161
\BOOKMARK [1][-]{section.10.2}{Add admin Reference}{chapter.10}% 162
\BOOKMARK [2][-]{subsection.10.2.1}{Constructor \046 Destructor Documentation}{section.10.2}% 163
\BOOKMARK [2][-]{subsection.10.2.2}{Member Function Documentation}{section.10.2}% 164
\BOOKMARK [1][-]{section.10.3}{Add new teacher Reference}{chapter.10}% 165
\BOOKMARK [2][-]{subsection.10.3.1}{Constructor \046 Destructor Documentation}{section.10.3}% 166
\BOOKMARK [2][-]{subsection.10.3.2}{Member Function Documentation}{section.10.3}% 167
\BOOKMARK [1][-]{section.10.4}{addLocation Reference}{chapter.10}% 168
\BOOKMARK [2][-]{subsection.10.4.1}{Constructor \046 Destructor Documentation}{section.10.4}% 169
\BOOKMARK [2][-]{subsection.10.4.2}{Member Function Documentation}{section.10.4}% 170
\BOOKMARK [1][-]{section.10.5}{Addstu details Reference}{chapter.10}% 171
\BOOKMARK [2][-]{subsection.10.5.1}{Constructor \046 Destructor Documentation}{section.10.5}% 172
\BOOKMARK [2][-]{subsection.10.5.2}{Member Function Documentation}{section.10.5}% 173
\BOOKMARK [1][-]{section.10.6}{Addstu window Reference}{chapter.10}% 174
\BOOKMARK [2][-]{subsection.10.6.1}{Constructor \046 Destructor Documentation}{section.10.6}% 175
\BOOKMARK [2][-]{subsection.10.6.2}{Member Function Documentation}{section.10.6}% 176
\BOOKMARK [1][-]{section.10.7}{Addstu window admin Reference}{chapter.10}% 177
\BOOKMARK [2][-]{subsection.10.7.1}{Constructor \046 Destructor Documentation}{section.10.7}% 178
\BOOKMARK [2][-]{subsection.10.7.2}{Member Function Documentation}{section.10.7}% 179
\BOOKMARK [1][-]{section.10.8}{Admin Reference}{chapter.10}% 180
\BOOKMARK [2][-]{subsection.10.8.1}{Constructor \046 Destructor Documentation}{section.10.8}% 181
\BOOKMARK [2][-]{subsection.10.8.2}{Member Function Documentation}{section.10.8}% 182
\BOOKMARK [2][-]{subsection.10.8.3}{Member Function continued Documentation}{section.10.8}% 183
\BOOKMARK [1][-]{section.10.9}{Admin info Reference}{chapter.10}% 184
\BOOKMARK [2][-]{subsection.10.9.1}{Constructor \046 Destructor Documentation}{section.10.9}% 185
\BOOKMARK [1][-]{section.10.10}{Admin list Reference}{chapter.10}% 186
\BOOKMARK [2][-]{subsection.10.10.1}{Constructor \046 Destructor Documentation}{section.10.10}% 187
\BOOKMARK [2][-]{subsection.10.10.2}{Member Function Documentation}{section.10.10}% 188
\BOOKMARK [1][-]{section.10.11}{Adv class Reference}{chapter.10}% 189
\BOOKMARK [2][-]{subsection.10.11.1}{Constructor \046 Destructor Documentation}{section.10.11}% 190
\BOOKMARK [2][-]{subsection.10.11.2}{Member Function Documentation}{section.10.11}% 191
\BOOKMARK [1][-]{section.10.12}{Adv student Reference}{chapter.10}% 192
\BOOKMARK [2][-]{subsection.10.12.1}{Constructor \046 Destructor Documentation}{section.10.12}% 193
\BOOKMARK [2][-]{subsection.10.12.2}{Member Function Documentation}{section.10.12}% 194
\BOOKMARK [1][-]{section.10.13}{Adv teacher Reference}{chapter.10}% 195
\BOOKMARK [2][-]{subsection.10.13.1}{Constructor \046 Destructor Documentation}{section.10.13}% 196
\BOOKMARK [2][-]{subsection.10.13.2}{Member Function Documentation}{section.10.13}% 197
\BOOKMARK [1][-]{section.10.14}{Assign class Reference}{chapter.10}% 198
\BOOKMARK [2][-]{subsection.10.14.1}{Constructor \046 Destructor Documentation}{section.10.14}% 199
\BOOKMARK [2][-]{subsection.10.14.2}{Member Function Documentation}{section.10.14}% 200
\BOOKMARK [1][-]{section.10.15}{Billing history Reference}{chapter.10}% 201
\BOOKMARK [2][-]{subsection.10.15.1}{Constructor \046 Destructor Documentation}{section.10.15}% 202
\BOOKMARK [2][-]{subsection.10.15.2}{Member Function Documentation}{section.10.15}% 203
\BOOKMARK [1][-]{section.10.16}{Print Hist Reference}{chapter.10}% 204
\BOOKMARK [2][-]{subsection.10.16.1}{Constructor \046 Destructor Documentation}{section.10.16}% 205
\BOOKMARK [2][-]{subsection.10.16.2}{Member Function Documentation}{section.10.16}% 206
\BOOKMARK [1][-]{section.10.17}{Change PW Reference}{chapter.10}% 207
\BOOKMARK [2][-]{subsection.10.17.1}{Constructor \046 Destructor Documentation}{section.10.17}% 208
\BOOKMARK [2][-]{subsection.10.17.2}{Member Function Documentation}{section.10.17}% 209
\BOOKMARK [1][-]{section.10.18}{Change user Reference}{chapter.10}% 210
\BOOKMARK [2][-]{subsection.10.18.1}{Constructor \046 Destructor Documentation}{section.10.18}% 211
\BOOKMARK [2][-]{subsection.10.18.2}{Member Function Documentation}{section.10.18}% 212
\BOOKMARK [1][-]{section.10.19}{Class list Reference}{chapter.10}% 213
\BOOKMARK [2][-]{subsection.10.19.1}{Constructor \046 Destructor Documentation}{section.10.19}% 214
\BOOKMARK [2][-]{subsection.10.19.2}{Member Function Documentation}{section.10.19}% 215
\BOOKMARK [1][-]{section.10.20}{Class reg Reference}{chapter.10}% 216
\BOOKMARK [2][-]{subsection.10.20.1}{Constructor \046 Destructor Documentation}{section.10.20}% 217
\BOOKMARK [2][-]{subsection.10.20.2}{Member Function Documentation}{section.10.20}% 218
\BOOKMARK [1][-]{section.10.21}{Credits Reference}{chapter.10}% 219
\BOOKMARK [2][-]{subsection.10.21.1}{Constructor \046 Destructor Documentation}{section.10.21}% 220
\BOOKMARK [2][-]{subsection.10.21.2}{Member Function Documentation}{section.10.21}% 221
\BOOKMARK [1][-]{section.10.22}{Full pay Reference}{chapter.10}% 222
\BOOKMARK [2][-]{subsection.10.22.1}{Constructor \046 Destructor Documentation}{section.10.22}% 223
\BOOKMARK [2][-]{subsection.10.22.2}{Member Function Documentation}{section.10.22}% 224
\BOOKMARK [1][-]{section.10.23}{Enter hours Reference}{chapter.10}% 225
\BOOKMARK [2][-]{subsection.10.23.1}{Constructor \046 Destructor Documentation}{section.10.23}% 226
\BOOKMARK [2][-]{subsection.10.23.2}{Member Function Documentation}{section.10.23}% 227
\BOOKMARK [1][-]{section.10.24}{Print fees Reference}{chapter.10}% 228
\BOOKMARK [2][-]{subsection.10.24.1}{Constructor \046 Destructor Documentation}{section.10.24}% 229
\BOOKMARK [2][-]{subsection.10.24.2}{Member Function Documentation}{section.10.24}% 230
\BOOKMARK [1][-]{section.10.25}{fees Reference}{chapter.10}% 231
\BOOKMARK [2][-]{subsection.10.25.1}{Constructor \046 Destructor Documentation}{section.10.25}% 232
\BOOKMARK [2][-]{subsection.10.25.2}{Member Function Documentation}{section.10.25}% 233
\BOOKMARK [1][-]{section.10.26}{login Reference}{chapter.10}% 234
\BOOKMARK [2][-]{subsection.10.26.1}{Constructor \046 Destructor Documentation}{section.10.26}% 235
\BOOKMARK [2][-]{subsection.10.26.2}{Member Function Documentation}{section.10.26}% 236
\BOOKMARK [1][-]{section.10.27}{My info Reference}{chapter.10}% 237
\BOOKMARK [2][-]{subsection.10.27.1}{Constructor \046 Destructor Documentation}{section.10.27}% 238
\BOOKMARK [2][-]{subsection.10.27.2}{Member Function Documentation}{section.10.27}% 239
\BOOKMARK [1][-]{section.10.28}{Navi Reference}{chapter.10}% 240
\BOOKMARK [2][-]{subsection.10.28.1}{Constructor \046 Destructor Documentation}{section.10.28}% 241
\BOOKMARK [2][-]{subsection.10.28.2}{Member Function Documentation}{section.10.28}% 242
\BOOKMARK [1][-]{section.10.29}{Partial pay Reference}{chapter.10}% 243
\BOOKMARK [2][-]{subsection.10.29.1}{Constructor \046 Destructor Documentation}{section.10.29}% 244
\BOOKMARK [2][-]{subsection.10.29.2}{Member Function Documentation}{section.10.29}% 245
\BOOKMARK [1][-]{section.10.30}{Part pay dialog Reference}{chapter.10}% 246
\BOOKMARK [2][-]{subsection.10.30.1}{Constructor \046 Destructor Documentation}{section.10.30}% 247
\BOOKMARK [2][-]{subsection.10.30.2}{Member Function Documentation}{section.10.30}% 248
\BOOKMARK [1][-]{section.10.31}{refund Reference}{chapter.10}% 249
\BOOKMARK [2][-]{subsection.10.31.1}{Constructor \046 Destructor Documentation}{section.10.31}% 250
\BOOKMARK [2][-]{subsection.10.31.2}{Member Function Documentation}{section.10.31}% 251
\BOOKMARK [1][-]{section.10.32}{removeAdmin Reference}{chapter.10}% 252
\BOOKMARK [2][-]{subsection.10.32.1}{Constructor \046 Destructor Documentation}{section.10.32}% 253
\BOOKMARK [2][-]{subsection.10.32.2}{Member Function Documentation}{section.10.32}% 254
\BOOKMARK [1][-]{section.10.33}{removeClass Reference}{chapter.10}% 255
\BOOKMARK [2][-]{subsection.10.33.1}{Constructor \046 Destructor Documentation}{section.10.33}% 256
\BOOKMARK [2][-]{subsection.10.33.2}{Member Function Documentation}{section.10.33}% 257
\BOOKMARK [1][-]{section.10.34}{removeStudentData Reference}{chapter.10}% 258
\BOOKMARK [2][-]{subsection.10.34.1}{Constructor \046 Destructor Documentation}{section.10.34}% 259
\BOOKMARK [2][-]{subsection.10.34.2}{Member Function Documentation}{section.10.34}% 260
\BOOKMARK [1][-]{section.10.35}{removeTeacher Reference}{chapter.10}% 261
\BOOKMARK [2][-]{subsection.10.35.1}{Constructor \046 Destructor Documentation}{section.10.35}% 262
\BOOKMARK [2][-]{subsection.10.35.2}{Member Function Documentation}{section.10.35}% 263
\BOOKMARK [1][-]{section.10.36}{Roll Reference}{chapter.10}% 264
\BOOKMARK [2][-]{subsection.10.36.1}{Constructor \046 Destructor Documentation}{section.10.36}% 265
\BOOKMARK [2][-]{subsection.10.36.2}{Member Function Documentation}{section.10.36}% 266
\BOOKMARK [1][-]{section.10.37}{Print Roll Reference}{chapter.10}% 267
\BOOKMARK [2][-]{subsection.10.37.1}{Constructor \046 Destructor Documentation}{section.10.37}% 268
\BOOKMARK [2][-]{subsection.10.37.2}{Member Function Documentation}{section.10.37}% 269
\BOOKMARK [1][-]{section.10.38}{schedule print Reference}{chapter.10}% 270
\BOOKMARK [2][-]{subsection.10.38.1}{Constructor \046 Destructor Documentation}{section.10.38}% 271
\BOOKMARK [2][-]{subsection.10.38.2}{Member Function Documentation}{section.10.38}% 272
\BOOKMARK [1][-]{section.10.39}{Search class Reference}{chapter.10}% 273
\BOOKMARK [2][-]{subsection.10.39.1}{Constructor \046 Destructor Documentation}{section.10.39}% 274
\BOOKMARK [2][-]{subsection.10.39.2}{Member Function Documentation}{section.10.39}% 275
\BOOKMARK [1][-]{section.10.40}{Search teacher Reference}{chapter.10}% 276
\BOOKMARK [2][-]{subsection.10.40.1}{Constructor \046 Destructor Documentation}{section.10.40}% 277
\BOOKMARK [2][-]{subsection.10.40.2}{Member Function Documentation}{section.10.40}% 278
\BOOKMARK [1][-]{section.10.41}{Search student Reference}{chapter.10}% 279
\BOOKMARK [2][-]{subsection.10.41.1}{Constructor \046 Destructor Documentation}{section.10.41}% 280
\BOOKMARK [2][-]{subsection.10.41.2}{Member Function Documentation}{section.10.41}% 281
\BOOKMARK [1][-]{section.10.42}{Update teacher Reference}{chapter.10}% 282
\BOOKMARK [2][-]{subsection.10.42.1}{Constructor \046 Destructor Documentation}{section.10.42}% 283
\BOOKMARK [2][-]{subsection.10.42.2}{Member Function Documentation}{section.10.42}% 284
\BOOKMARK [1][-]{section.10.43}{Set semester Reference}{chapter.10}% 285
\BOOKMARK [2][-]{subsection.10.43.1}{Constructor \046 Destructor Documentation}{section.10.43}% 286
\BOOKMARK [2][-]{subsection.10.43.2}{Member Function Documentation}{section.10.43}% 287
\BOOKMARK [1][-]{section.10.44}{Show hours Reference}{chapter.10}% 288
\BOOKMARK [2][-]{subsection.10.44.1}{Constructor \046 Destructor Documentation}{section.10.44}% 289
\BOOKMARK [2][-]{subsection.10.44.2}{Member Function Documentation}{section.10.44}% 290
\BOOKMARK [1][-]{section.10.45}{Stu add Reference}{chapter.10}% 291
\BOOKMARK [2][-]{subsection.10.45.1}{Constructor \046 Destructor Documentation}{section.10.45}% 292
\BOOKMARK [2][-]{subsection.10.45.2}{Member Function Documentation}{section.10.45}% 293
\BOOKMARK [1][-]{section.10.46}{Stu reg Reference}{chapter.10}% 294
\BOOKMARK [2][-]{subsection.10.46.1}{Constructor \046 Destructor Documentation}{section.10.46}% 295
\BOOKMARK [2][-]{subsection.10.46.2}{Member Function Documentation}{section.10.46}% 296
\BOOKMARK [1][-]{section.10.47}{Stu pay Reference}{chapter.10}% 297
\BOOKMARK [2][-]{subsection.10.47.1}{Constructor \046 Destructor Documentation}{section.10.47}% 298
\BOOKMARK [2][-]{subsection.10.47.2}{Member Function Documentation}{section.10.47}% 299
\BOOKMARK [1][-]{section.10.48}{Stu reg window Reference}{chapter.10}% 300
\BOOKMARK [2][-]{subsection.10.48.1}{Constructor \046 Destructor Documentation}{section.10.48}% 301
\BOOKMARK [2][-]{subsection.10.48.2}{Member Function Documentation}{section.10.48}% 302
\BOOKMARK [1][-]{section.10.49}{Student schedule Reference}{chapter.10}% 303
\BOOKMARK [2][-]{subsection.10.49.1}{Constructor \046 Destructor Documentation}{section.10.49}% 304
\BOOKMARK [2][-]{subsection.10.49.2}{Member Function Documentation}{section.10.49}% 305
\BOOKMARK [1][-]{section.10.50}{Teacher Reference}{chapter.10}% 306
\BOOKMARK [2][-]{subsection.10.50.1}{Constructor \046 Destructor Documentation}{section.10.50}% 307
\BOOKMARK [2][-]{subsection.10.50.2}{Member Function Documentation}{section.10.50}% 308
\BOOKMARK [1][-]{section.10.51}{Teacher history dialog Reference}{chapter.10}% 309
\BOOKMARK [2][-]{subsection.10.51.1}{Constructor \046 Destructor Documentation}{section.10.51}% 310
\BOOKMARK [2][-]{subsection.10.51.2}{Member Function Documentation}{section.10.51}% 311
\BOOKMARK [1][-]{section.10.52}{Teacher history window Reference}{chapter.10}% 312
\BOOKMARK [2][-]{subsection.10.52.1}{Constructor \046 Destructor Documentation}{section.10.52}% 313
\BOOKMARK [2][-]{subsection.10.52.2}{Member Function Documentation}{section.10.52}% 314
\BOOKMARK [1][-]{section.10.53}{Teacher payrate dialog Reference}{chapter.10}% 315
\BOOKMARK [2][-]{subsection.10.53.1}{Constructor \046 Destructor Documentation}{section.10.53}% 316
\BOOKMARK [2][-]{subsection.10.53.2}{Member Function Documentation}{section.10.53}% 317
\BOOKMARK [1][-]{section.10.54}{Teacher payrate Reference}{chapter.10}% 318
\BOOKMARK [2][-]{subsection.10.54.1}{Constructor \046 Destructor Documentation}{section.10.54}% 319
\BOOKMARK [2][-]{subsection.10.54.2}{Member Function Documentation}{section.10.54}% 320
\BOOKMARK [1][-]{section.10.55}{Teacher schedule Reference}{chapter.10}% 321
\BOOKMARK [2][-]{subsection.10.55.1}{Constructor \046 Destructor Documentation}{section.10.55}% 322
\BOOKMARK [2][-]{subsection.10.55.2}{Member Function Documentation}{section.10.55}% 323
\BOOKMARK [1][-]{section.10.56}{Tuition Reference}{chapter.10}% 324
\BOOKMARK [2][-]{subsection.10.56.1}{Constructor \046 Destructor Documentation}{section.10.56}% 325
\BOOKMARK [2][-]{subsection.10.56.2}{Member Function Documentation}{section.10.56}% 326
\BOOKMARK [1][-]{section.10.57}{Update fees Reference}{chapter.10}% 327
\BOOKMARK [2][-]{subsection.10.57.1}{Constructor \046 Destructor Documentation}{section.10.57}% 328
\BOOKMARK [2][-]{subsection.10.57.2}{Member Function Documentation}{section.10.57}% 329
\BOOKMARK [1][-]{section.10.58}{Update rates Reference}{chapter.10}% 330
\BOOKMARK [2][-]{subsection.10.58.1}{Constructor \046 Destructor Documentation}{section.10.58}% 331
\BOOKMARK [2][-]{subsection.10.58.2}{Member Function Documentation}{section.10.58}% 332
\BOOKMARK [0][-]{chapter*.7}{Bibliography}{}% 333
\BOOKMARK [0][-]{chapter.11}{Software Agreement}{}% 334
\BOOKMARK [0][-]{appendix.A}{Product Description}{}% 335
\BOOKMARK [0][-]{appendix.B}{Sprint Reports}{}% 336
\BOOKMARK [1][-]{section.B.1}{Sprint Report \0431}{appendix.B}% 337
\BOOKMARK [2][-]{subsection.B.1.1}{Team Members:}{section.B.1}% 338
\BOOKMARK [2][-]{subsection.B.1.2}{Customer description}{section.B.1}% 339
\BOOKMARK [2][-]{subsection.B.1.3}{Overview of the project:}{section.B.1}% 340
\BOOKMARK [2][-]{subsection.B.1.4}{Project Environment:}{section.B.1}% 341
\BOOKMARK [2][-]{subsection.B.1.5}{Project deliverables of Sprint 1:}{section.B.1}% 342
\BOOKMARK [2][-]{subsection.B.1.6}{User Stories}{section.B.1}% 343
\BOOKMARK [2][-]{subsection.B.1.7}{Product Backlog:}{section.B.1}% 344
\BOOKMARK [2][-]{subsection.B.1.8}{Research}{section.B.1}% 345
\BOOKMARK [2][-]{subsection.B.1.9}{Final Framework Decision}{section.B.1}% 346
\BOOKMARK [2][-]{subsection.B.1.10}{Foreseeable issues}{section.B.1}% 347
\BOOKMARK [1][-]{section.B.2}{Sprint Report \0432}{appendix.B}% 348
\BOOKMARK [2][-]{subsection.B.2.1}{Team Members:}{section.B.2}% 349
\BOOKMARK [2][-]{subsection.B.2.2}{Prototype Progress}{section.B.2}% 350
\BOOKMARK [2][-]{subsection.B.2.3}{Project deliverables of Sprint 2:}{section.B.2}% 351
\BOOKMARK [2][-]{subsection.B.2.4}{Database Creation}{section.B.2}% 352
\BOOKMARK [2][-]{subsection.B.2.5}{GUI Work}{section.B.2}% 353
\BOOKMARK [2][-]{subsection.B.2.6}{Sprint 2 Issues}{section.B.2}% 354
\BOOKMARK [2][-]{subsection.B.2.7}{Client Interactions}{section.B.2}% 355
\BOOKMARK [2][-]{subsection.B.2.8}{Group Meeting}{section.B.2}% 356
\BOOKMARK [2][-]{subsection.B.2.9}{Work Distribution}{section.B.2}% 357
\BOOKMARK [1][-]{section.B.3}{Sprint Report \0433}{appendix.B}% 358
\BOOKMARK [2][-]{subsection.B.3.1}{Team Members:}{section.B.3}% 359
\BOOKMARK [2][-]{subsection.B.3.2}{Prototype Progress}{section.B.3}% 360
\BOOKMARK [2][-]{subsection.B.3.3}{Project deliverables of Sprint 3:}{section.B.3}% 361
\BOOKMARK [2][-]{subsection.B.3.4}{Search Pages}{section.B.3}% 362
\BOOKMARK [2][-]{subsection.B.3.5}{Add A Class}{section.B.3}% 363
\BOOKMARK [2][-]{subsection.B.3.6}{Role Sheet}{section.B.3}% 364
\BOOKMARK [2][-]{subsection.B.3.7}{Update Pages}{section.B.3}% 365
\BOOKMARK [2][-]{subsection.B.3.8}{Assign Teacher to a Class}{section.B.3}% 366
\BOOKMARK [2][-]{subsection.B.3.9}{Sprint 3 Issues}{section.B.3}% 367
\BOOKMARK [2][-]{subsection.B.3.10}{Client Interactions}{section.B.3}% 368
\BOOKMARK [2][-]{subsection.B.3.11}{Group Meeting}{section.B.3}% 369
\BOOKMARK [2][-]{subsection.B.3.12}{Work Distribution}{section.B.3}% 370
\BOOKMARK [1][-]{section.B.4}{Sprint Report \0434}{appendix.B}% 371
\BOOKMARK [2][-]{subsection.B.4.1}{Team Members:}{section.B.4}% 372
\BOOKMARK [2][-]{subsection.B.4.2}{Prototype Progress}{section.B.4}% 373
\BOOKMARK [2][-]{subsection.B.4.3}{Project deliverables of Sprint 3.5 and 4:}{section.B.4}% 374
\BOOKMARK [2][-]{subsection.B.4.4}{Sprint 3.5}{section.B.4}% 375
\BOOKMARK [2][-]{subsection.B.4.5}{Prorated Refunds}{section.B.4}% 376
\BOOKMARK [2][-]{subsection.B.4.6}{Enter Staff Hours}{section.B.4}% 377
\BOOKMARK [2][-]{subsection.B.4.7}{Enter Teacher Wages}{section.B.4}% 378
\BOOKMARK [2][-]{subsection.B.4.8}{Enter Tuition Rates and Fees}{section.B.4}% 379
\BOOKMARK [2][-]{subsection.B.4.9}{Teacher History}{section.B.4}% 380
\BOOKMARK [2][-]{subsection.B.4.10}{Set Semester}{section.B.4}% 381
\BOOKMARK [2][-]{subsection.B.4.11}{partial payment}{section.B.4}% 382
\BOOKMARK [2][-]{subsection.B.4.12}{Student's owe}{section.B.4}% 383
\BOOKMARK [2][-]{subsection.B.4.13}{enter payment}{section.B.4}% 384
\BOOKMARK [2][-]{subsection.B.4.14}{bill history}{section.B.4}% 385
\BOOKMARK [2][-]{subsection.B.4.15}{Sprint 3.5 and 4 Issues}{section.B.4}% 386
\BOOKMARK [2][-]{subsection.B.4.16}{Client Interactions}{section.B.4}% 387
\BOOKMARK [2][-]{subsection.B.4.17}{Group Meeting}{section.B.4}% 388
\BOOKMARK [2][-]{subsection.B.4.18}{Work Distribution}{section.B.4}% 389
\BOOKMARK [1][-]{section.B.5}{Sprint Report \0435}{appendix.B}% 390
\BOOKMARK [2][-]{subsection.B.5.1}{Team Members:}{section.B.5}% 391
\BOOKMARK [2][-]{subsection.B.5.2}{Prototype Progress}{section.B.5}% 392
\BOOKMARK [2][-]{subsection.B.5.3}{Project deliverables of Sprint 5:}{section.B.5}% 393
\BOOKMARK [2][-]{subsection.B.5.4}{Sprint 5}{section.B.5}% 394
\BOOKMARK [2][-]{subsection.B.5.5}{Prorated Refunds}{section.B.5}% 395
\BOOKMARK [2][-]{subsection.B.5.6}{Enter Staff Hours}{section.B.5}% 396
\BOOKMARK [2][-]{subsection.B.5.7}{Enter Teacher Wages}{section.B.5}% 397
\BOOKMARK [2][-]{subsection.B.5.8}{Enter Tuition Rates and Fees}{section.B.5}% 398
\BOOKMARK [2][-]{subsection.B.5.9}{Bug Fixes}{section.B.5}% 399
\BOOKMARK [2][-]{subsection.B.5.10}{Updates Crossover}{section.B.5}% 400
\BOOKMARK [2][-]{subsection.B.5.11}{Approved/Rejected Student Updates}{section.B.5}% 401
\BOOKMARK [2][-]{subsection.B.5.12}{Admin List}{section.B.5}% 402
\BOOKMARK [2][-]{subsection.B.5.13}{Add/Remove Locations}{section.B.5}% 403
\BOOKMARK [2][-]{subsection.B.5.14}{Removal Functions}{section.B.5}% 404
\BOOKMARK [2][-]{subsection.B.5.15}{Sprint 5 Issues}{section.B.5}% 405
\BOOKMARK [2][-]{subsection.B.5.16}{Client Interactions}{section.B.5}% 406
\BOOKMARK [2][-]{subsection.B.5.17}{Group Meeting}{section.B.5}% 407
\BOOKMARK [2][-]{subsection.B.5.18}{Work Distribution}{section.B.5}% 408
\BOOKMARK [0][-]{appendix.C}{Industrial Experience and Resumes}{}% 409
\BOOKMARK [1][-]{section.C.1}{Resumes}{appendix.C}% 410
\BOOKMARK [1][-]{section.C.2}{Industrial Experience Reports}{appendix.C}% 411
\BOOKMARK [2][-]{subsection.C.2.1}{Marcus Berger}{section.C.2}% 412
\BOOKMARK [2][-]{subsection.C.2.2}{Dicheng Wu}{section.C.2}% 413
\BOOKMARK [0][-]{appendix.D}{Acknowledgment}{}% 414
\BOOKMARK [0][-]{appendix.E}{Supporting Materials}{}% 415
