\BOOKMARK [0][-]{Doc-Start}{Title}{}% 1
\BOOKMARK [0][-]{chapter*.1}{Contents}{}% 2
\BOOKMARK [0][-]{chapter*.2}{List of Figures}{}% 3
\BOOKMARK [0][-]{chapter*.3}{List of Tables}{}% 4
\BOOKMARK [0][-]{chapter*.4}{List of Algorithms}{}% 5
\BOOKMARK [0][-]{chapter*.5}{Overview Statements}{}% 6
\BOOKMARK [1][-]{section.0.1}{Mission Statement}{chapter*.5}% 7
\BOOKMARK [1][-]{section.0.2}{Elevator Pitch}{chapter*.5}% 8
\BOOKMARK [0][-]{chapter*.6}{Document Preparation and Updates}{}% 9
\BOOKMARK [0][-]{chapter.1}{Overview and concept of operations}{}% 10
\BOOKMARK [1][-]{section.1.1}{Scope}{chapter.1}% 11
\BOOKMARK [1][-]{section.1.2}{Purpose}{chapter.1}% 12
\BOOKMARK [1][-]{section.1.3}{Deliverables}{chapter.1}% 13
\BOOKMARK [2][-]{subsection.1.3.1}{Major System Component: Database}{section.1.3}% 14
\BOOKMARK [2][-]{subsection.1.3.2}{Major System Component: User Interface}{section.1.3}% 15
\BOOKMARK [2][-]{subsection.1.3.3}{Major System Component: Student Interface}{section.1.3}% 16
\BOOKMARK [1][-]{section.1.4}{System Access}{chapter.1}% 17
\BOOKMARK [2][-]{subsection.1.4.1}{Local System GUI}{section.1.4}% 18
\BOOKMARK [2][-]{subsection.1.4.2}{Student Web Interface}{section.1.4}% 19
\BOOKMARK [2][-]{subsection.1.4.3}{Database Access}{section.1.4}% 20
\BOOKMARK [1][-]{section.1.5}{Systems Goals}{chapter.1}% 21
\BOOKMARK [1][-]{section.1.6}{Concept of Operations}{chapter.1}% 22
\BOOKMARK [2][-]{subsection.1.6.1}{New Users}{section.1.6}% 23
\BOOKMARK [2][-]{subsection.1.6.2}{Existing Users}{section.1.6}% 24
\BOOKMARK [1][-]{section.1.7}{System Overview and Diagram}{chapter.1}% 25
\BOOKMARK [1][-]{section.1.8}{Technologies Overview}{chapter.1}% 26
\BOOKMARK [0][-]{chapter.2}{Project Overview}{}% 27
\BOOKMARK [1][-]{section.2.1}{Team Members and Roles}{chapter.2}% 28
\BOOKMARK [1][-]{section.2.2}{Project Management Approach}{chapter.2}% 29
\BOOKMARK [1][-]{section.2.3}{Phase Overview}{chapter.2}% 30
\BOOKMARK [2][-]{subsection.2.3.1}{Initial User Story and Requirements Gathering}{section.2.3}% 31
\BOOKMARK [2][-]{subsection.2.3.2}{Database Creation and Starting Pages}{section.2.3}% 32
\BOOKMARK [2][-]{subsection.2.3.3}{Prototyping and Testing}{section.2.3}% 33
\BOOKMARK [2][-]{subsection.2.3.4}{Development Updates and Testing}{section.2.3}% 34
\BOOKMARK [2][-]{subsection.2.3.5}{Final Testing, Production, and Delivery}{section.2.3}% 35
\BOOKMARK [1][-]{section.2.4}{Terminology and Acronyms}{chapter.2}% 36
\BOOKMARK [0][-]{chapter.3}{User Stories, Backlog and Requirements}{}% 37
\BOOKMARK [1][-]{section.3.1}{Overview}{chapter.3}% 38
\BOOKMARK [2][-]{subsection.3.1.1}{Scope}{section.3.1}% 39
\BOOKMARK [2][-]{subsection.3.1.2}{Purpose of the System}{section.3.1}% 40
\BOOKMARK [1][-]{section.3.2}{Stakeholder Information}{chapter.3}% 41
\BOOKMARK [2][-]{subsection.3.2.1}{Customer or End User \(Product Owner\)}{section.3.2}% 42
\BOOKMARK [2][-]{subsection.3.2.2}{Management or Instructor \(Scrum Master\)}{section.3.2}% 43
\BOOKMARK [2][-]{subsection.3.2.3}{Developers \205Testers}{section.3.2}% 44
\BOOKMARK [1][-]{section.3.3}{Business Need}{chapter.3}% 45
\BOOKMARK [1][-]{section.3.4}{Requirements and Design Constraints}{chapter.3}% 46
\BOOKMARK [2][-]{subsection.3.4.1}{System Requirements}{section.3.4}% 47
\BOOKMARK [2][-]{subsection.3.4.2}{Network Requirements}{section.3.4}% 48
\BOOKMARK [2][-]{subsection.3.4.3}{Development Environment Requirements}{section.3.4}% 49
\BOOKMARK [2][-]{subsection.3.4.4}{Project Management Methodology}{section.3.4}% 50
\BOOKMARK [1][-]{section.3.5}{User Stories}{chapter.3}% 51
\BOOKMARK [2][-]{subsection.3.5.1}{User Story \0431}{section.3.5}% 52
\BOOKMARK [2][-]{subsection.3.5.2}{User Story \0432}{section.3.5}% 53
\BOOKMARK [2][-]{subsection.3.5.3}{User Story \0433}{section.3.5}% 54
\BOOKMARK [2][-]{subsection.3.5.4}{User Story \0434}{section.3.5}% 55
\BOOKMARK [2][-]{subsection.3.5.5}{User Story \0435}{section.3.5}% 56
\BOOKMARK [2][-]{subsection.3.5.6}{User Story \0436}{section.3.5}% 57
\BOOKMARK [2][-]{subsection.3.5.7}{User Story \0437}{section.3.5}% 58
\BOOKMARK [2][-]{subsection.3.5.8}{User Story \0438}{section.3.5}% 59
\BOOKMARK [2][-]{subsection.3.5.9}{User Story \0439}{section.3.5}% 60
\BOOKMARK [2][-]{subsection.3.5.10}{User Story \04310}{section.3.5}% 61
\BOOKMARK [2][-]{subsection.3.5.11}{User Story \04311}{section.3.5}% 62
\BOOKMARK [2][-]{subsection.3.5.12}{User Story \04312}{section.3.5}% 63
\BOOKMARK [2][-]{subsection.3.5.13}{User Story \04313}{section.3.5}% 64
\BOOKMARK [2][-]{subsection.3.5.14}{User Story \04314}{section.3.5}% 65
\BOOKMARK [2][-]{subsection.3.5.15}{User Story \04315}{section.3.5}% 66
\BOOKMARK [2][-]{subsection.3.5.16}{User Story \04316}{section.3.5}% 67
\BOOKMARK [2][-]{subsection.3.5.17}{User Story \04317}{section.3.5}% 68
\BOOKMARK [1][-]{section.3.6}{Research or Proof of Concept Results}{chapter.3}% 69
\BOOKMARK [0][-]{chapter.4}{Design and Implementation}{}% 70
\BOOKMARK [1][-]{section.4.1}{Major Component \0431 }{chapter.4}% 71
\BOOKMARK [2][-]{subsection.4.1.1}{Technologies Used}{section.4.1}% 72
\BOOKMARK [2][-]{subsection.4.1.2}{Component Overview}{section.4.1}% 73
\BOOKMARK [2][-]{subsection.4.1.3}{Phase Overview}{section.4.1}% 74
\BOOKMARK [2][-]{subsection.4.1.4}{ Architecture Diagram}{section.4.1}% 75
\BOOKMARK [2][-]{subsection.4.1.5}{Data Flow Diagram}{section.4.1}% 76
\BOOKMARK [2][-]{subsection.4.1.6}{Design Details}{section.4.1}% 77
\BOOKMARK [1][-]{section.4.2}{Major Component \0432 }{chapter.4}% 78
\BOOKMARK [2][-]{subsection.4.2.1}{Technologies Used}{section.4.2}% 79
\BOOKMARK [2][-]{subsection.4.2.2}{Component Overview}{section.4.2}% 80
\BOOKMARK [2][-]{subsection.4.2.3}{Phase Overview}{section.4.2}% 81
\BOOKMARK [2][-]{subsection.4.2.4}{ Architecture Diagram}{section.4.2}% 82
\BOOKMARK [2][-]{subsection.4.2.5}{Data Flow Diagram}{section.4.2}% 83
\BOOKMARK [2][-]{subsection.4.2.6}{Design Details}{section.4.2}% 84
\BOOKMARK [1][-]{section.4.3}{Major Component \0433 }{chapter.4}% 85
\BOOKMARK [2][-]{subsection.4.3.1}{Technologies Used}{section.4.3}% 86
\BOOKMARK [2][-]{subsection.4.3.2}{Component Overview}{section.4.3}% 87
\BOOKMARK [2][-]{subsection.4.3.3}{Phase Overview}{section.4.3}% 88
\BOOKMARK [2][-]{subsection.4.3.4}{ Architecture Diagram}{section.4.3}% 89
\BOOKMARK [2][-]{subsection.4.3.5}{Data Flow Diagram}{section.4.3}% 90
\BOOKMARK [2][-]{subsection.4.3.6}{Design Details}{section.4.3}% 91
\BOOKMARK [0][-]{chapter.5}{System and Unit Testing}{}% 92
\BOOKMARK [1][-]{section.5.1}{Overview}{chapter.5}% 93
\BOOKMARK [1][-]{section.5.2}{Dependencies}{chapter.5}% 94
\BOOKMARK [1][-]{section.5.3}{Test Setup and Execution}{chapter.5}% 95
\BOOKMARK [0][-]{chapter.6}{Development Environment}{}% 96
\BOOKMARK [1][-]{section.6.1}{Development IDE and Tools}{chapter.6}% 97
\BOOKMARK [1][-]{section.6.2}{Source Control}{chapter.6}% 98
\BOOKMARK [1][-]{section.6.3}{Dependencies}{chapter.6}% 99
\BOOKMARK [1][-]{section.6.4}{Build Environment}{chapter.6}% 100
\BOOKMARK [1][-]{section.6.5}{Development Machine Setup}{chapter.6}% 101
\BOOKMARK [0][-]{chapter.7}{Release \205 Setup \205 Deployment}{}% 102
\BOOKMARK [1][-]{section.7.1}{Deployment Information and Dependencies}{chapter.7}% 103
\BOOKMARK [1][-]{section.7.2}{Setup Information}{chapter.7}% 104
\BOOKMARK [1][-]{section.7.3}{System Versioning Information}{chapter.7}% 105
\BOOKMARK [0][-]{chapter.8}{User Documentation}{}% 106
\BOOKMARK [1][-]{section.8.1}{User Guide}{chapter.8}% 107
\BOOKMARK [1][-]{section.8.2}{Installation Guide}{chapter.8}% 108
\BOOKMARK [1][-]{section.8.3}{Programmer Manual}{chapter.8}% 109
\BOOKMARK [0][-]{chapter.9}{Class Index}{}% 110
\BOOKMARK [1][-]{section.9.1}{Class List}{chapter.9}% 111
\BOOKMARK [0][-]{chapter.10}{Class Documentation}{}% 112
\BOOKMARK [1][-]{section.10.1}{Poly Class Reference}{chapter.10}% 113
\BOOKMARK [2][-]{subsection.10.1.1}{Constructor \046 Destructor Documentation}{section.10.1}% 114
\BOOKMARK [2][-]{subsection.10.1.2}{Member Function Documentation}{section.10.1}% 115
\BOOKMARK [0][-]{chapter.11}{Business Plan}{}% 116
\BOOKMARK [1][-]{section.11.1}{Business Model}{chapter.11}% 117
\BOOKMARK [1][-]{section.11.2}{Market and Competition}{chapter.11}% 118
\BOOKMARK [1][-]{section.11.3}{Regulatory environment}{chapter.11}% 119
\BOOKMARK [1][-]{section.11.4}{Intellectual Property and Freedom to Operate}{chapter.11}% 120
\BOOKMARK [1][-]{section.11.5}{Management Team and Advisors}{chapter.11}% 121
\BOOKMARK [1][-]{section.11.6}{Sources and Uses of Capital}{chapter.11}% 122
\BOOKMARK [1][-]{section.11.7}{Financial Statements}{chapter.11}% 123
\BOOKMARK [1][-]{section.11.8}{Metrics and Milestones}{chapter.11}% 124
\BOOKMARK [1][-]{section.11.9}{Exit Plan}{chapter.11}% 125
\BOOKMARK [0][-]{chapter.12}{Experimental Log}{}% 126
\BOOKMARK [0][-]{chapter.13}{Research Results}{}% 127
\BOOKMARK [1][-]{section.13.1}{Result 1}{chapter.13}% 128
\BOOKMARK [1][-]{section.13.2}{Result 2}{chapter.13}% 129
\BOOKMARK [1][-]{section.13.3}{Conclusions}{chapter.13}% 130
\BOOKMARK [1][-]{section.13.4}{Further work}{chapter.13}% 131
\BOOKMARK [0][-]{chapter*.7}{Bibliography}{}% 132
\BOOKMARK [0][-]{chapter.14}{Software Agreement}{}% 133
\BOOKMARK [0][-]{appendix.A}{Product Description}{}% 134
\BOOKMARK [0][-]{appendix.B}{Publications}{}% 135
\BOOKMARK [0][-]{appendix.C}{Sprint Reports}{}% 136
\BOOKMARK [1][-]{section.C.1}{Sprint Report \0431}{appendix.C}% 137
\BOOKMARK [1][-]{section.C.2}{Sprint Report \0432}{appendix.C}% 138
\BOOKMARK [1][-]{section.C.3}{Sprint Report \0433}{appendix.C}% 139
\BOOKMARK [1][-]{section.C.4}{Sprint Report ...}{appendix.C}% 140
\BOOKMARK [0][-]{appendix.D}{Industrial Experience and Resumes}{}% 141
\BOOKMARK [1][-]{section.D.1}{Resumes}{appendix.D}% 142
\BOOKMARK [1][-]{section.D.2}{ABET: Industrial Experience Reports}{appendix.D}% 143
\BOOKMARK [2][-]{subsection.D.2.1}{Marcus Berger}{section.D.2}% 144
\BOOKMARK [2][-]{subsection.D.2.2}{Dicheng Wu}{section.D.2}% 145
\BOOKMARK [0][-]{appendix.E}{Acknowledgment}{}% 146
\BOOKMARK [0][-]{appendix.F}{Supporting Materials}{}% 147
\BOOKMARK [0][-]{appendix*.8}{LaTeX Example}{}% 148
\BOOKMARK [1][-]{section.F.1}{Introduction}{appendix*.8}% 149
\BOOKMARK [1][-]{section.F.2}{Ordinary Text}{appendix*.8}% 150
\BOOKMARK [1][-]{section.F.3}{Displayed Text}{appendix*.8}% 151
\BOOKMARK [1][-]{section.F.4}{Build process}{appendix*.8}% 152
